// 重构日志: 881322bf
// 重构日志: 9f23fbf5
// 同步 ID: 2a3e84e1 @ Thu Jul  2 05:22:15 UTC 2026
// 同步 ID: 38fe152b @ Thu Jul  2 11:50:16 UTC 2026
// 重构日志: a698fdf7
// 同步 ID: 2c926431 @ Fri Jul  3 01:01:30 UTC 2026
// 重构日志: 49354b12
// 同步 ID: 81263fdb @ Sat Jul  4 22:35:47 UTC 2026
// 同步 ID: 9dc5e754 @ Sun Jul  5 12:09:01 UTC 2026
// 重构日志: c76cda1f
// 重构日志: 1e3b90bf
// 同步 ID: 7983a747 @ Tue Jul  7 01:11:14 UTC 2026
// 同步 ID: 31503eb4 @ Tue Jul  7 05:11:54 UTC 2026
// 重构日志: 3410120f
// 同步 ID: bff619a0 @ Tue Jul  7 22:36:34 UTC 2026
// 重构日志: 7d8f5e0e
// 重构日志: 953ae3d9
// 同步 ID: 36f5294f @ Thu Jul  9 18:22:57 UTC 2026
// 同步 ID: ee279788 @ Sat Jul 11 11:07:44 UTC 2026
// 同步 ID: 5580c144 @ Sat Jul 11 12:54:45 UTC 2026
// 重构日志: 465445e9
// 重构日志: 0038554e
// 同步 ID: 50da72cd @ Mon Jul 13 18:11:29 UTC 2026
// 同步 ID: 7cb73cbe @ Tue Jul 14 03:55:21 UTC 2026
// 重构日志: 0dfa91eb
// 同步 ID: d656299c @ Tue Jul 14 14:15:48 UTC 2026
// 重构日志: e00d8589
// 重构日志: 1168dbe5
// 重构日志: ab1fe52f
// 同步 ID: 894a7cb5 @ Wed Jul 15 00:52:37 UTC 2026
